0 info it worked if it ends with ok
1 verbose cli [ 'C:\\Program Files\\nodejs\\\\node.exe',
1 verbose cli   'C:\\Program Files\\nodejs\\node_modules\\npm\\bin\\npm-cli.js',
1 verbose cli   'install',
1 verbose cli   'gulp-ng-annotate@0.14.1' ]
2 info using npm@2.5.1
3 info using node@v0.12.0
4 verbose node symlink C:\Program Files\nodejs\\node.exe
5 warn package.json trigger@0.0.0 No repository field.
6 warn package.json karma-phantomjs-launcher@0.1.4 No README data
7 silly cache add args [ 'gulp-ng-annotate@0.14.1', null ]
8 verbose cache add spec gulp-ng-annotate@0.14.1
9 silly cache add parsed spec { raw: 'gulp-ng-annotate@0.14.1',
9 silly cache add   scope: null,
9 silly cache add   name: 'gulp-ng-annotate',
9 silly cache add   rawSpec: '0.14.1',
9 silly cache add   spec: '0.14.1',
9 silly cache add   type: 'version' }
10 verbose addNamed gulp-ng-annotate@0.14.1
11 silly addNamed semver.valid 0.14.1
12 silly addNamed semver.validRange 0.14.1
13 silly mapToRegistry name gulp-ng-annotate
14 silly mapToRegistry using default registry
15 silly mapToRegistry registry https://registry.npmjs.org/
16 silly mapToRegistry uri https://registry.npmjs.org/gulp-ng-annotate
17 verbose addNameVersion registry:https://registry.npmjs.org/gulp-ng-annotate not in flight; fetching
18 verbose request uri https://registry.npmjs.org/gulp-ng-annotate
19 verbose request no auth needed
20 info attempt registry request try #1 at 22:17:12
21 verbose request id 3ecb47ad373f2237
22 verbose etag "5LN14B3OFNNGOIWLXTX4K0XNB"
23 http request GET https://registry.npmjs.org/gulp-ng-annotate
24 http 304 https://registry.npmjs.org/gulp-ng-annotate
25 silly get cb [ 304,
25 silly get   { date: 'Mon, 16 Feb 2015 18:17:16 GMT',
25 silly get     server: 'Apache',
25 silly get     via: '1.1 varnish',
25 silly get     'last-modified': 'Mon, 16 Feb 2015 18:17:16 GMT',
25 silly get     'cache-control': 'max-age=60',
25 silly get     etag: '"5LN14B3OFNNGOIWLXTX4K0XNB"',
25 silly get     age: '15',
25 silly get     'x-served-by': 'cache-fra1225-FRA',
25 silly get     'x-cache': 'HIT',
25 silly get     'x-cache-hits': '1',
25 silly get     'x-timer': 'S1424110636.075878,VS0,VE0',
25 silly get     vary: 'Accept',
25 silly get     'content-length': '0',
25 silly get     'keep-alive': 'timeout=10, max=50',
25 silly get     connection: 'Keep-Alive' } ]
26 verbose etag https://registry.npmjs.org/gulp-ng-annotate from cache
27 verbose get saving gulp-ng-annotate to C:\Users\DonSinDRom\AppData\Roaming\npm-cache\registry.npmjs.org\gulp-ng-annotate\.cache.json
28 verbose stack Error: version not found: gulp-ng-annotate@0.14.1
28 verbose stack     at setData (C:\Program Files\nodejs\node_modules\npm\lib\cache\add-named.js:122:12)
28 verbose stack     at RES (C:\Program Files\nodejs\node_modules\npm\node_modules\inflight\inflight.js:23:14)
28 verbose stack     at f (C:\Program Files\nodejs\node_modules\npm\node_modules\once\once.js:17:25)
28 verbose stack     at saved (C:\Program Files\nodejs\node_modules\npm\lib\cache\caching-client.js:173:7)
28 verbose stack     at FSReqWrap.oncomplete (fs.js:99:15)
29 verbose statusCode 404
30 verbose cwd C:\Dev\AlizarinCrimson
31 error Windows_NT 6.3.9600
32 error argv "C:\\Program Files\\nodejs\\\\node.exe" "C:\\Program Files\\nodejs\\node_modules\\npm\\bin\\npm-cli.js" "install" "gulp-ng-annotate@0.14.1"
33 error node v0.12.0
34 error npm  v2.5.1
35 error version not found: gulp-ng-annotate@0.14.1
36 error If you need help, you may report this error at:
36 error     <http://github.com/npm/npm/issues>
37 verbose exit [ 1, true ]
